This file contains any messages produced by compilers while
running configure, to aid debugging if configure makes a mistake.

It was created by configure, which was
generated by GNU Autoconf 2.69.  Invocation command line was

  $ ./configure 

## --------- ##
## Platform. ##
## --------- ##

hostname = fedora01t
uname -m = x86_64
uname -r = 5.2.9-200.fc30.x86_64
uname -s = Linux
uname -v = #1 SMP Fri Aug 16 21:37:45 UTC 2019

/usr/bin/uname -p = x86_64
/bin/uname -X     = unknown

/bin/arch              = x86_64
/usr/bin/arch -k       = unknown
/usr/convex/getsysinfo = unknown
/usr/bin/hostinfo      = unknown
/bin/machine           = unknown
/usr/bin/oslevel       = unknown
/bin/universe          = unknown

PATH: /home/tjyang/.cargo/bin
PATH: /usr/libexec/python2-sphinx
PATH: /usr/share/Modules/bin
PATH: /usr/lib64/ccache
PATH: /usr/local/bin
PATH: /usr/bin
PATH: /usr/local/sbin
PATH: /usr/sbin
PATH: /home/tjyang/.local/bin
PATH: /home/tjyang/bin
PATH: /usr/local/go/bin
PATH: /home/tjyang/gocode/bin


## ----------- ##
## Core tests. ##
## ----------- ##

configure:2490: checking for a BSD-compatible install
configure:2558: result: /usr/bin/install -c
configure:2575: checking build system type
configure:2589: result: x86_64-pc-linux-gnu
configure:2609: checking host system type
configure:2622: result: x86_64-pc-linux-gnu
configure:2694: checking for gcc
configure:2710: found /usr/lib64/ccache/gcc
configure:2721: result: gcc
configure:2950: checking for C compiler version
configure:2959: gcc --version >&5
gcc (GCC) 9.1.1 20190503 (Red Hat 9.1.1-1)
Copyright (C) 2019 Free Software Foundation, Inc.
This is free software; see the source for copying conditions.  There is NO
warranty; not even for MERCHANTABILITY or FITNESS FOR A PARTICULAR PURPOSE.

configure:2970: $? = 0
configure:2959: gcc -v >&5
Using built-in specs.
COLLECT_GCC=/usr/bin/gcc
COLLECT_LTO_WRAPPER=/usr/libexec/gcc/x86_64-redhat-linux/9/lto-wrapper
OFFLOAD_TARGET_NAMES=nvptx-none
OFFLOAD_TARGET_DEFAULT=1
Target: x86_64-redhat-linux
Configured with: ../configure --enable-bootstrap --enable-languages=c,c++,fortran,objc,obj-c++,ada,go,d,lto --prefix=/usr --mandir=/usr/share/man --infodir=/usr/share/info --with-bugurl=http://bugzilla.redhat.com/bugzilla --enable-shared --enable-threads=posix --enable-checking=release --enable-multilib --with-system-zlib --enable-__cxa_atexit --disable-libunwind-exceptions --enable-gnu-unique-object --enable-linker-build-id --with-gcc-major-version-only --with-linker-hash-style=gnu --enable-plugin --enable-initfini-array --with-isl --enable-offload-targets=nvptx-none --without-cuda-driver --enable-gnu-indirect-function --enable-cet --with-tune=generic --with-arch_32=i686 --build=x86_64-redhat-linux
Thread model: posix
gcc version 9.1.1 20190503 (Red Hat 9.1.1-1) (GCC) 
configure:2970: $? = 0
configure:2959: gcc -V >&5
gcc: error: unrecognized command line option '-V'
gcc: fatal error: no input files
compilation terminated.
configure:2970: $? = 1
configure:2959: gcc -qversion >&5
gcc: error: unrecognized command line option '-qversion'; did you mean '--version'?
gcc: fatal error: no input files
compilation terminated.
configure:2970: $? = 1
configure:2990: checking whether the C compiler works
configure:3012: gcc    conftest.c  >&5
configure:3016: $? = 0
configure:3064: result: yes
configure:3067: checking for C compiler default output file name
configure:3069: result: a.out
configure:3075: checking for suffix of executables
configure:3082: gcc -o conftest    conftest.c  >&5
configure:3086: $? = 0
configure:3108: result: 
configure:3130: checking whether we are cross compiling
configure:3138: gcc -o conftest    conftest.c  >&5
configure:3142: $? = 0
configure:3149: ./conftest
configure:3153: $? = 0
configure:3141: result: no
configure:3146: checking for suffix of object files
configure:3168: gcc -c   conftest.c >&5
configure:3172: $? = 0
configure:3193: result: o
configure:3197: checking whether we are using the GNU C compiler
configure:3216: gcc -c   conftest.c >&5
configure:3216: $? = 0
configure:3225: result: yes
configure:3234: checking whether gcc accepts -g
configure:3254: gcc -c -g  conftest.c >&5
configure:3254: $? = 0
configure:3295: result: yes
configure:3312: checking for gcc option to accept ISO C89
configure:3375: gcc  -c -g -O2  conftest.c >&5
configure:3375: $? = 0
configure:3388: result: none needed
configure:3408: checking whether make sets $(MAKE)
configure:3430: result: yes
configure:3439: checking whether ln -s works
configure:3443: result: yes
configure:3452: checking for strip
configure:3470: found /usr/bin/strip
configure:3483: result: /usr/bin/strip
configure:3498: checking how to run the C preprocessor
configure:3529: gcc -E  conftest.c
configure:3529: $? = 0
configure:3543: gcc -E  conftest.c
conftest.c:9:10: fatal error: ac_nonexistent.h: No such file or directory
    9 | #include <ac_nonexistent.h>
      |          ^~~~~~~~~~~~~~~~~~
compilation terminated.
configure:3543: $? = 1
configure: failed program was:
| /* confdefs.h */
| #define PACKAGE_NAME ""
| #define PACKAGE_TARNAME ""
| #define PACKAGE_VERSION ""
| #define PACKAGE_STRING ""
| #define PACKAGE_BUGREPORT ""
| #define PACKAGE_URL ""
| /* end confdefs.h.  */
| #include <ac_nonexistent.h>
configure:3568: result: gcc -E
configure:3588: gcc -E  conftest.c
configure:3588: $? = 0
configure:3602: gcc -E  conftest.c
conftest.c:9:10: fatal error: ac_nonexistent.h: No such file or directory
    9 | #include <ac_nonexistent.h>
      |          ^~~~~~~~~~~~~~~~~~
compilation terminated.
configure:3602: $? = 1
configure: failed program was:
| /* confdefs.h */
| #define PACKAGE_NAME ""
| #define PACKAGE_TARNAME ""
| #define PACKAGE_VERSION ""
| #define PACKAGE_STRING ""
| #define PACKAGE_BUGREPORT ""
| #define PACKAGE_URL ""
| /* end confdefs.h.  */
| #include <ac_nonexistent.h>
configure:3631: checking for grep that handles long lines and -e
configure:3689: result: /usr/bin/grep
configure:3694: checking for egrep
configure:3756: result: /usr/bin/grep -E
configure:3761: checking for ANSI C header files
configure:3781: gcc -c -g -O2  conftest.c >&5
configure:3781: $? = 0
configure:3854: gcc -o conftest -g -O2   conftest.c  >&5
configure:3854: $? = 0
configure:3854: ./conftest
configure:3854: $? = 0
configure:3865: result: yes
configure:3873: checking whether time.h and sys/time.h may both be included
configure:3893: gcc -c -g -O2  conftest.c >&5
configure:3893: $? = 0
configure:3900: result: yes
configure:3908: checking for sys/wait.h that is POSIX.1 compatible
configure:3934: gcc -c -g -O2  conftest.c >&5
configure:3934: $? = 0
configure:3941: result: yes
configure:3954: checking for sys/types.h
configure:3954: gcc -c -g -O2  conftest.c >&5
configure:3954: $? = 0
configure:3954: result: yes
configure:3954: checking for sys/stat.h
configure:3954: gcc -c -g -O2  conftest.c >&5
configure:3954: $? = 0
configure:3954: result: yes
configure:3954: checking for stdlib.h
configure:3954: gcc -c -g -O2  conftest.c >&5
configure:3954: $? = 0
configure:3954: result: yes
configure:3954: checking for string.h
configure:3954: gcc -c -g -O2  conftest.c >&5
configure:3954: $? = 0
configure:3954: result: yes
configure:3954: checking for memory.h
configure:3954: gcc -c -g -O2  conftest.c >&5
configure:3954: $? = 0
configure:3954: result: yes
configure:3954: checking for strings.h
configure:3954: gcc -c -g -O2  conftest.c >&5
configure:3954: $? = 0
configure:3954: result: yes
configure:3954: checking for inttypes.h
configure:3954: gcc -c -g -O2  conftest.c >&5
configure:3954: $? = 0
configure:3954: result: yes
configure:3954: checking for stdint.h
configure:3954: gcc -c -g -O2  conftest.c >&5
configure:3954: $? = 0
configure:3954: result: yes
configure:3954: checking for unistd.h
configure:3954: gcc -c -g -O2  conftest.c >&5
configure:3954: $? = 0
configure:3954: result: yes
configure:3969: checking arpa/inet.h usability
configure:3969: gcc -c -g -O2  conftest.c >&5
configure:3969: $? = 0
configure:3969: result: yes
configure:3969: checking arpa/inet.h presence
configure:3969: gcc -E  conftest.c
configure:3969: $? = 0
configure:3969: result: yes
configure:3969: checking for arpa/inet.h
configure:3969: result: yes
configure:3969: checking ctype.h usability
configure:3969: gcc -c -g -O2  conftest.c >&5
configure:3969: $? = 0
configure:3969: result: yes
configure:3969: checking ctype.h presence
configure:3969: gcc -E  conftest.c
configure:3969: $? = 0
configure:3969: result: yes
configure:3969: checking for ctype.h
configure:3969: result: yes
configure:3969: checking dirent.h usability
configure:3969: gcc -c -g -O2  conftest.c >&5
configure:3969: $? = 0
configure:3969: result: yes
configure:3969: checking dirent.h presence
configure:3969: gcc -E  conftest.c
configure:3969: $? = 0
configure:3969: result: yes
configure:3969: checking for dirent.h
configure:3969: result: yes
configure:3969: checking errno.h usability
configure:3969: gcc -c -g -O2  conftest.c >&5
configure:3969: $? = 0
configure:3969: result: yes
configure:3969: checking errno.h presence
configure:3969: gcc -E  conftest.c
configure:3969: $? = 0
configure:3969: result: yes
configure:3969: checking for errno.h
configure:3969: result: yes
configure:3969: checking fcntl.h usability
configure:3969: gcc -c -g -O2  conftest.c >&5
configure:3969: $? = 0
configure:3969: result: yes
configure:3969: checking fcntl.h presence
configure:3969: gcc -E  conftest.c
configure:3969: $? = 0
configure:3969: result: yes
configure:3969: checking for fcntl.h
configure:3969: result: yes
configure:3969: checking getopt.h usability
configure:3969: gcc -c -g -O2  conftest.c >&5
configure:3969: $? = 0
configure:3969: result: yes
configure:3969: checking getopt.h presence
configure:3969: gcc -E  conftest.c
configure:3969: $? = 0
configure:3969: result: yes
configure:3969: checking for getopt.h
configure:3969: result: yes
configure:3969: checking grp.h usability
configure:3969: gcc -c -g -O2  conftest.c >&5
configure:3969: $? = 0
configure:3969: result: yes
configure:3969: checking grp.h presence
configure:3969: gcc -E  conftest.c
configure:3969: $? = 0
configure:3969: result: yes
configure:3969: checking for grp.h
configure:3969: result: yes
configure:3982: checking libgen.h usability
configure:3982: gcc -c -g -O2  conftest.c >&5
configure:3982: $? = 0
configure:3982: result: yes
configure:3982: checking libgen.h presence
configure:3982: gcc -E  conftest.c
configure:3982: $? = 0
configure:3982: result: yes
configure:3982: checking for libgen.h
configure:3982: result: yes
configure:3982: checking limits.h usability
configure:3982: gcc -c -g -O2  conftest.c >&5
configure:3982: $? = 0
configure:3982: result: yes
configure:3982: checking limits.h presence
configure:3982: gcc -E  conftest.c
configure:3982: $? = 0
configure:3982: result: yes
configure:3982: checking for limits.h
configure:3982: result: yes
configure:3982: checking math.h usability
configure:3982: gcc -c -g -O2  conftest.c >&5
configure:3982: $? = 0
configure:3982: result: yes
configure:3982: checking math.h presence
configure:3982: gcc -E  conftest.c
configure:3982: $? = 0
configure:3982: result: yes
configure:3982: checking for math.h
configure:3982: result: yes
configure:3982: checking netdb.h usability
configure:3982: gcc -c -g -O2  conftest.c >&5
configure:3982: $? = 0
configure:3982: result: yes
configure:3982: checking netdb.h presence
configure:3982: gcc -E  conftest.c
configure:3982: $? = 0
configure:3982: result: yes
configure:3982: checking for netdb.h
configure:3982: result: yes
configure:3982: checking netinet/in.h usability
configure:3982: gcc -c -g -O2  conftest.c >&5
configure:3982: $? = 0
configure:3982: result: yes
configure:3982: checking netinet/in.h presence
configure:3982: gcc -E  conftest.c
configure:3982: $? = 0
configure:3982: result: yes
configure:3982: checking for netinet/in.h
configure:3982: result: yes
configure:3982: checking pwd.h usability
configure:3982: gcc -c -g -O2  conftest.c >&5
configure:3982: $? = 0
configure:3982: result: yes
configure:3982: checking pwd.h presence
configure:3982: gcc -E  conftest.c
configure:3982: $? = 0
configure:3982: result: yes
configure:3982: checking for pwd.h
configure:3982: result: yes
configure:3982: checking regex.h usability
configure:3982: gcc -c -g -O2  conftest.c >&5
configure:3982: $? = 0
configure:3982: result: yes
configure:3982: checking regex.h presence
configure:3982: gcc -E  conftest.c
configure:3982: $? = 0
configure:3982: result: yes
configure:3982: checking for regex.h
configure:3982: result: yes
configure:3995: checking signal.h usability
configure:3995: gcc -c -g -O2  conftest.c >&5
configure:3995: $? = 0
configure:3995: result: yes
configure:3995: checking signal.h presence
configure:3995: gcc -E  conftest.c
configure:3995: $? = 0
configure:3995: result: yes
configure:3995: checking for signal.h
configure:3995: result: yes
configure:3995: checking socket.h usability
configure:3995: gcc -c -g -O2  conftest.c >&5
conftest.c:69:10: fatal error: socket.h: No such file or directory
   69 | #include <socket.h>
      |          ^~~~~~~~~~
compilation terminated.
configure:3995: $? = 1
configure: failed program was:
| /* confdefs.h */
| #define PACKAGE_NAME ""
| #define PACKAGE_TARNAME ""
| #define PACKAGE_VERSION ""
| #define PACKAGE_STRING ""
| #define PACKAGE_BUGREPORT ""
| #define PACKAGE_URL ""
| #define STDC_HEADERS 1
| #define TIME_WITH_SYS_TIME 1
| #define HAVE_SYS_WAIT_H 1
| #define HAVE_SYS_TYPES_H 1
| #define HAVE_SYS_STAT_H 1
| #define HAVE_STDLIB_H 1
| #define HAVE_STRING_H 1
| #define HAVE_MEMORY_H 1
| #define HAVE_STRINGS_H 1
| #define HAVE_INTTYPES_H 1
| #define HAVE_STDINT_H 1
| #define HAVE_UNISTD_H 1
| #define HAVE_ARPA_INET_H 1
| #define HAVE_CTYPE_H 1
| #define HAVE_DIRENT_H 1
| #define HAVE_ERRNO_H 1
| #define HAVE_FCNTL_H 1
| #define HAVE_GETOPT_H 1
| #define HAVE_GRP_H 1
| #define HAVE_LIBGEN_H 1
| #define HAVE_LIMITS_H 1
| #define HAVE_MATH_H 1
| #define HAVE_NETDB_H 1
| #define HAVE_NETINET_IN_H 1
| #define HAVE_PWD_H 1
| #define HAVE_REGEX_H 1
| #define HAVE_SIGNAL_H 1
| /* end confdefs.h.  */
| #include <stdio.h>
| #ifdef HAVE_SYS_TYPES_H
| # include <sys/types.h>
| #endif
| #ifdef HAVE_SYS_STAT_H
| # include <sys/stat.h>
| #endif
| #ifdef STDC_HEADERS
| # include <stdlib.h>
| # include <stddef.h>
| #else
| # ifdef HAVE_STDLIB_H
| #  include <stdlib.h>
| # endif
| #endif
| #ifdef HAVE_STRING_H
| # if !defined STDC_HEADERS && defined HAVE_MEMORY_H
| #  include <memory.h>
| # endif
| # include <string.h>
| #endif
| #ifdef HAVE_STRINGS_H
| # include <strings.h>
| #endif
| #ifdef HAVE_INTTYPES_H
| # include <inttypes.h>
| #endif
| #ifdef HAVE_STDINT_H
| # include <stdint.h>
| #endif
| #ifdef HAVE_UNISTD_H
| # include <unistd.h>
| #endif
| #include <socket.h>
configure:3995: result: no
configure:3995: checking socket.h presence
configure:3995: gcc -E  conftest.c
conftest.c:36:10: fatal error: socket.h: No such file or directory
   36 | #include <socket.h>
      |          ^~~~~~~~~~
compilation terminated.
configure:3995: $? = 1
configure: failed program was:
| /* confdefs.h */
| #define PACKAGE_NAME ""
| #define PACKAGE_TARNAME ""
| #define PACKAGE_VERSION ""
| #define PACKAGE_STRING ""
| #define PACKAGE_BUGREPORT ""
| #define PACKAGE_URL ""
| #define STDC_HEADERS 1
| #define TIME_WITH_SYS_TIME 1
| #define HAVE_SYS_WAIT_H 1
| #define HAVE_SYS_TYPES_H 1
| #define HAVE_SYS_STAT_H 1
| #define HAVE_STDLIB_H 1
| #define HAVE_STRING_H 1
| #define HAVE_MEMORY_H 1
| #define HAVE_STRINGS_H 1
| #define HAVE_INTTYPES_H 1
| #define HAVE_STDINT_H 1
| #define HAVE_UNISTD_H 1
| #define HAVE_ARPA_INET_H 1
| #define HAVE_CTYPE_H 1
| #define HAVE_DIRENT_H 1
| #define HAVE_ERRNO_H 1
| #define HAVE_FCNTL_H 1
| #define HAVE_GETOPT_H 1
| #define HAVE_GRP_H 1
| #define HAVE_LIBGEN_H 1
| #define HAVE_LIMITS_H 1
| #define HAVE_MATH_H 1
| #define HAVE_NETDB_H 1
| #define HAVE_NETINET_IN_H 1
| #define HAVE_PWD_H 1
| #define HAVE_REGEX_H 1
| #define HAVE_SIGNAL_H 1
| /* end confdefs.h.  */
| #include <socket.h>
configure:3995: result: no
configure:3995: checking for socket.h
configure:3995: result: no
configure:3995: checking stdarg.h usability
configure:3995: gcc -c -g -O2  conftest.c >&5
configure:3995: $? = 0
configure:3995: result: yes
configure:3995: checking stdarg.h presence
configure:3995: gcc -E  conftest.c
configure:3995: $? = 0
configure:3995: result: yes
configure:3995: checking for stdarg.h
configure:3995: result: yes
configure:3995: checking for string.h
configure:3995: result: yes
configure:3995: checking for strings.h
configure:3995: result: yes
configure:3995: checking sys/loadavg.h usability
configure:3995: gcc -c -g -O2  conftest.c >&5
conftest.c:72:10: fatal error: sys/loadavg.h: No such file or directory
   72 | #include <sys/loadavg.h>
      |          ^~~~~~~~~~~~~~~
compilation terminated.
configure:3995: $? = 1
configure: failed program was:
| /* confdefs.h */
| #define PACKAGE_NAME ""
| #define PACKAGE_TARNAME ""
| #define PACKAGE_VERSION ""
| #define PACKAGE_STRING ""
| #define PACKAGE_BUGREPORT ""
| #define PACKAGE_URL ""
| #define STDC_HEADERS 1
| #define TIME_WITH_SYS_TIME 1
| #define HAVE_SYS_WAIT_H 1
| #define HAVE_SYS_TYPES_H 1
| #define HAVE_SYS_STAT_H 1
| #define HAVE_STDLIB_H 1
| #define HAVE_STRING_H 1
| #define HAVE_MEMORY_H 1
| #define HAVE_STRINGS_H 1
| #define HAVE_INTTYPES_H 1
| #define HAVE_STDINT_H 1
| #define HAVE_UNISTD_H 1
| #define HAVE_ARPA_INET_H 1
| #define HAVE_CTYPE_H 1
| #define HAVE_DIRENT_H 1
| #define HAVE_ERRNO_H 1
| #define HAVE_FCNTL_H 1
| #define HAVE_GETOPT_H 1
| #define HAVE_GRP_H 1
| #define HAVE_LIBGEN_H 1
| #define HAVE_LIMITS_H 1
| #define HAVE_MATH_H 1
| #define HAVE_NETDB_H 1
| #define HAVE_NETINET_IN_H 1
| #define HAVE_PWD_H 1
| #define HAVE_REGEX_H 1
| #define HAVE_SIGNAL_H 1
| #define HAVE_STDARG_H 1
| #define HAVE_STRING_H 1
| #define HAVE_STRINGS_H 1
| /* end confdefs.h.  */
| #include <stdio.h>
| #ifdef HAVE_SYS_TYPES_H
| # include <sys/types.h>
| #endif
| #ifdef HAVE_SYS_STAT_H
| # include <sys/stat.h>
| #endif
| #ifdef STDC_HEADERS
| # include <stdlib.h>
| # include <stddef.h>
| #else
| # ifdef HAVE_STDLIB_H
| #  include <stdlib.h>
| # endif
| #endif
| #ifdef HAVE_STRING_H
| # if !defined STDC_HEADERS && defined HAVE_MEMORY_H
| #  include <memory.h>
| # endif
| # include <string.h>
| #endif
| #ifdef HAVE_STRINGS_H
| # include <strings.h>
| #endif
| #ifdef HAVE_INTTYPES_H
| # include <inttypes.h>
| #endif
| #ifdef HAVE_STDINT_H
| # include <stdint.h>
| #endif
| #ifdef HAVE_UNISTD_H
| # include <unistd.h>
| #endif
| #include <sys/loadavg.h>
configure:3995: result: no
configure:3995: checking sys/loadavg.h presence
configure:3995: gcc -E  conftest.c
conftest.c:39:10: fatal error: sys/loadavg.h: No such file or directory
   39 | #include <sys/loadavg.h>
      |          ^~~~~~~~~~~~~~~
compilation terminated.
configure:3995: $? = 1
configure: failed program was:
| /* confdefs.h */
| #define PACKAGE_NAME ""
| #define PACKAGE_TARNAME ""
| #define PACKAGE_VERSION ""
| #define PACKAGE_STRING ""
| #define PACKAGE_BUGREPORT ""
| #define PACKAGE_URL ""
| #define STDC_HEADERS 1
| #define TIME_WITH_SYS_TIME 1
| #define HAVE_SYS_WAIT_H 1
| #define HAVE_SYS_TYPES_H 1
| #define HAVE_SYS_STAT_H 1
| #define HAVE_STDLIB_H 1
| #define HAVE_STRING_H 1
| #define HAVE_MEMORY_H 1
| #define HAVE_STRINGS_H 1
| #define HAVE_INTTYPES_H 1
| #define HAVE_STDINT_H 1
| #define HAVE_UNISTD_H 1
| #define HAVE_ARPA_INET_H 1
| #define HAVE_CTYPE_H 1
| #define HAVE_DIRENT_H 1
| #define HAVE_ERRNO_H 1
| #define HAVE_FCNTL_H 1
| #define HAVE_GETOPT_H 1
| #define HAVE_GRP_H 1
| #define HAVE_LIBGEN_H 1
| #define HAVE_LIMITS_H 1
| #define HAVE_MATH_H 1
| #define HAVE_NETDB_H 1
| #define HAVE_NETINET_IN_H 1
| #define HAVE_PWD_H 1
| #define HAVE_REGEX_H 1
| #define HAVE_SIGNAL_H 1
| #define HAVE_STDARG_H 1
| #define HAVE_STRING_H 1
| #define HAVE_STRINGS_H 1
| /* end confdefs.h.  */
| #include <sys/loadavg.h>
configure:3995: result: no
configure:3995: checking for sys/loadavg.h
configure:3995: result: no
configure:4008: checking sys/mman.h usability
configure:4008: gcc -c -g -O2  conftest.c >&5
configure:4008: $? = 0
configure:4008: result: yes
configure:4008: checking sys/mman.h presence
configure:4008: gcc -E  conftest.c
configure:4008: $? = 0
configure:4008: result: yes
configure:4008: checking for sys/mman.h
configure:4008: result: yes
configure:4008: checking for sys/types.h
configure:4008: result: yes
configure:4008: checking sys/time.h usability
configure:4008: gcc -c -g -O2  conftest.c >&5
configure:4008: $? = 0
configure:4008: result: yes
configure:4008: checking sys/time.h presence
configure:4008: gcc -E  conftest.c
configure:4008: $? = 0
configure:4008: result: yes
configure:4008: checking for sys/time.h
configure:4008: result: yes
configure:4008: checking sys/resource.h usability
configure:4008: gcc -c -g -O2  conftest.c >&5
configure:4008: $? = 0
configure:4008: result: yes
configure:4008: checking sys/resource.h presence
configure:4008: gcc -E  conftest.c
configure:4008: $? = 0
configure:4008: result: yes
configure:4008: checking for sys/resource.h
configure:4008: result: yes
configure:4008: checking for sys/wait.h
configure:4008: result: yes
configure:4021: checking sys/socket.h usability
configure:4021: gcc -c -g -O2  conftest.c >&5
configure:4021: $? = 0
configure:4021: result: yes
configure:4021: checking sys/socket.h presence
configure:4021: gcc -E  conftest.c
configure:4021: $? = 0
configure:4021: result: yes
configure:4021: checking for sys/socket.h
configure:4021: result: yes
configure:4021: checking for sys/stat.h
configure:4021: result: yes
configure:4021: checking sys/timeb.h usability
configure:4021: gcc -c -g -O2  conftest.c >&5
configure:4021: $? = 0
configure:4021: result: yes
configure:4021: checking sys/timeb.h presence
configure:4021: gcc -E  conftest.c
configure:4021: $? = 0
configure:4021: result: yes
configure:4021: checking for sys/timeb.h
configure:4021: result: yes
configure:4021: checking sys/un.h usability
configure:4021: gcc -c -g -O2  conftest.c >&5
configure:4021: $? = 0
configure:4021: result: yes
configure:4021: checking sys/un.h presence
configure:4021: gcc -E  conftest.c
configure:4021: $? = 0
configure:4021: result: yes
configure:4021: checking for sys/un.h
configure:4021: result: yes
configure:4021: checking sys/ipc.h usability
configure:4021: gcc -c -g -O2  conftest.c >&5
configure:4021: $? = 0
configure:4021: result: yes
configure:4021: checking sys/ipc.h presence
configure:4021: gcc -E  conftest.c
configure:4021: $? = 0
configure:4021: result: yes
configure:4021: checking for sys/ipc.h
configure:4021: result: yes
configure:4034: checking sys/msg.h usability
configure:4034: gcc -c -g -O2  conftest.c >&5
configure:4034: $? = 0
configure:4034: result: yes
configure:4034: checking sys/msg.h presence
configure:4034: gcc -E  conftest.c
configure:4034: $? = 0
configure:4034: result: yes
configure:4034: checking for sys/msg.h
configure:4034: result: yes
configure:4034: checking sys/poll.h usability
configure:4034: gcc -c -g -O2  conftest.c >&5
configure:4034: $? = 0
configure:4034: result: yes
configure:4034: checking sys/poll.h presence
configure:4034: gcc -E  conftest.c
configure:4034: $? = 0
configure:4034: result: yes
configure:4034: checking for sys/poll.h
configure:4034: result: yes
configure:4034: checking syslog.h usability
configure:4034: gcc -c -g -O2  conftest.c >&5
configure:4034: $? = 0
configure:4034: result: yes
configure:4034: checking syslog.h presence
configure:4034: gcc -E  conftest.c
configure:4034: $? = 0
configure:4034: result: yes
configure:4034: checking for syslog.h
configure:4034: result: yes
configure:4034: checking uio.h usability
configure:4034: gcc -c -g -O2  conftest.c >&5
conftest.c:85:10: fatal error: uio.h: No such file or directory
   85 | #include <uio.h>
      |          ^~~~~~~
compilation terminated.
configure:4034: $? = 1
configure: failed program was:
| /* confdefs.h */
| #define PACKAGE_NAME ""
| #define PACKAGE_TARNAME ""
| #define PACKAGE_VERSION ""
| #define PACKAGE_STRING ""
| #define PACKAGE_BUGREPORT ""
| #define PACKAGE_URL ""
| #define STDC_HEADERS 1
| #define TIME_WITH_SYS_TIME 1
| #define HAVE_SYS_WAIT_H 1
| #define HAVE_SYS_TYPES_H 1
| #define HAVE_SYS_STAT_H 1
| #define HAVE_STDLIB_H 1
| #define HAVE_STRING_H 1
| #define HAVE_MEMORY_H 1
| #define HAVE_STRINGS_H 1
| #define HAVE_INTTYPES_H 1
| #define HAVE_STDINT_H 1
| #define HAVE_UNISTD_H 1
| #define HAVE_ARPA_INET_H 1
| #define HAVE_CTYPE_H 1
| #define HAVE_DIRENT_H 1
| #define HAVE_ERRNO_H 1
| #define HAVE_FCNTL_H 1
| #define HAVE_GETOPT_H 1
| #define HAVE_GRP_H 1
| #define HAVE_LIBGEN_H 1
| #define HAVE_LIMITS_H 1
| #define HAVE_MATH_H 1
| #define HAVE_NETDB_H 1
| #define HAVE_NETINET_IN_H 1
| #define HAVE_PWD_H 1
| #define HAVE_REGEX_H 1
| #define HAVE_SIGNAL_H 1
| #define HAVE_STDARG_H 1
| #define HAVE_STRING_H 1
| #define HAVE_STRINGS_H 1
| #define HAVE_SYS_MMAN_H 1
| #define HAVE_SYS_TYPES_H 1
| #define HAVE_SYS_TIME_H 1
| #define HAVE_SYS_RESOURCE_H 1
| #define HAVE_SYS_WAIT_H 1
| #define HAVE_SYS_SOCKET_H 1
| #define HAVE_SYS_STAT_H 1
| #define HAVE_SYS_TIMEB_H 1
| #define HAVE_SYS_UN_H 1
| #define HAVE_SYS_IPC_H 1
| #define HAVE_SYS_MSG_H 1
| #define HAVE_SYS_POLL_H 1
| #define HAVE_SYSLOG_H 1
| /* end confdefs.h.  */
| #include <stdio.h>
| #ifdef HAVE_SYS_TYPES_H
| # include <sys/types.h>
| #endif
| #ifdef HAVE_SYS_STAT_H
| # include <sys/stat.h>
| #endif
| #ifdef STDC_HEADERS
| # include <stdlib.h>
| # include <stddef.h>
| #else
| # ifdef HAVE_STDLIB_H
| #  include <stdlib.h>
| # endif
| #endif
| #ifdef HAVE_STRING_H
| # if !defined STDC_HEADERS && defined HAVE_MEMORY_H
| #  include <memory.h>
| # endif
| # include <string.h>
| #endif
| #ifdef HAVE_STRINGS_H
| # include <strings.h>
| #endif
| #ifdef HAVE_INTTYPES_H
| # include <inttypes.h>
| #endif
| #ifdef HAVE_STDINT_H
| # include <stdint.h>
| #endif
| #ifdef HAVE_UNISTD_H
| # include <unistd.h>
| #endif
| #include <uio.h>
configure:4034: result: no
configure:4034: checking uio.h presence
configure:4034: gcc -E  conftest.c
conftest.c:52:10: fatal error: uio.h: No such file or directory
   52 | #include <uio.h>
      |          ^~~~~~~
compilation terminated.
configure:4034: $? = 1
configure: failed program was:
| /* confdefs.h */
| #define PACKAGE_NAME ""
| #define PACKAGE_TARNAME ""
| #define PACKAGE_VERSION ""
| #define PACKAGE_STRING ""
| #define PACKAGE_BUGREPORT ""
| #define PACKAGE_URL ""
| #define STDC_HEADERS 1
| #define TIME_WITH_SYS_TIME 1
| #define HAVE_SYS_WAIT_H 1
| #define HAVE_SYS_TYPES_H 1
| #define HAVE_SYS_STAT_H 1
| #define HAVE_STDLIB_H 1
| #define HAVE_STRING_H 1
| #define HAVE_MEMORY_H 1
| #define HAVE_STRINGS_H 1
| #define HAVE_INTTYPES_H 1
| #define HAVE_STDINT_H 1
| #define HAVE_UNISTD_H 1
| #define HAVE_ARPA_INET_H 1
| #define HAVE_CTYPE_H 1
| #define HAVE_DIRENT_H 1
| #define HAVE_ERRNO_H 1
| #define HAVE_FCNTL_H 1
| #define HAVE_GETOPT_H 1
| #define HAVE_GRP_H 1
| #define HAVE_LIBGEN_H 1
| #define HAVE_LIMITS_H 1
| #define HAVE_MATH_H 1
| #define HAVE_NETDB_H 1
| #define HAVE_NETINET_IN_H 1
| #define HAVE_PWD_H 1
| #define HAVE_REGEX_H 1
| #define HAVE_SIGNAL_H 1
| #define HAVE_STDARG_H 1
| #define HAVE_STRING_H 1
| #define HAVE_STRINGS_H 1
| #define HAVE_SYS_MMAN_H 1
| #define HAVE_SYS_TYPES_H 1
| #define HAVE_SYS_TIME_H 1
| #define HAVE_SYS_RESOURCE_H 1
| #define HAVE_SYS_WAIT_H 1
| #define HAVE_SYS_SOCKET_H 1
| #define HAVE_SYS_STAT_H 1
| #define HAVE_SYS_TIMEB_H 1
| #define HAVE_SYS_UN_H 1
| #define HAVE_SYS_IPC_H 1
| #define HAVE_SYS_MSG_H 1
| #define HAVE_SYS_POLL_H 1
| #define HAVE_SYSLOG_H 1
| /* end confdefs.h.  */
| #include <uio.h>
configure:4034: result: no
configure:4034: checking for uio.h
configure:4034: result: no
configure:4034: checking for unistd.h
configure:4034: result: yes
configure:4034: checking locale.h usability
configure:4034: gcc -c -g -O2  conftest.c >&5
configure:4034: $? = 0
configure:4034: result: yes
configure:4034: checking locale.h presence
configure:4034: gcc -E  conftest.c
configure:4034: $? = 0
configure:4034: result: yes
configure:4034: checking for locale.h
configure:4034: result: yes
configure:4034: checking wchar.h usability
configure:4034: gcc -c -g -O2  conftest.c >&5
configure:4034: $? = 0
configure:4034: result: yes
configure:4034: checking wchar.h presence
configure:4034: gcc -E  conftest.c
configure:4034: $? = 0
configure:4034: result: yes
configure:4034: checking for wchar.h
configure:4034: result: yes
configure:4046: checking sys/prctl.h usability
configure:4046: gcc -c -g -O2  conftest.c >&5
configure:4046: $? = 0
configure:4046: result: yes
configure:4046: checking sys/prctl.h presence
configure:4046: gcc -E  conftest.c
configure:4046: $? = 0
configure:4046: result: yes
configure:4046: checking for sys/prctl.h
configure:4046: result: yes
configure:4057: checking for an ANSI C-conforming const
configure:4123: gcc -c -g -O2  conftest.c >&5
configure:4123: $? = 0
configure:4130: result: yes
configure:4138: checking whether struct tm is in sys/time.h or time.h
configure:4158: gcc -c -g -O2  conftest.c >&5
configure:4158: $? = 0
configure:4165: result: time.h
configure:4173: checking for struct tm.tm_zone
configure:4173: gcc -c -g -O2  conftest.c >&5
configure:4173: $? = 0
configure:4173: result: yes
configure:4240: checking for mode_t
configure:4240: gcc -c -g -O2  conftest.c >&5
configure:4240: $? = 0
configure:4240: gcc -c -g -O2  conftest.c >&5
conftest.c: In function 'main':
conftest.c:94:21: error: expected expression before ')' token
   94 | if (sizeof ((mode_t)))
      |                     ^
configure:4240: $? = 1
configure: failed program was:
| /* confdefs.h */
| #define PACKAGE_NAME ""
| #define PACKAGE_TARNAME ""
| #define PACKAGE_VERSION ""
| #define PACKAGE_STRING ""
| #define PACKAGE_BUGREPORT ""
| #define PACKAGE_URL ""
| #define STDC_HEADERS 1
| #define TIME_WITH_SYS_TIME 1
| #define HAVE_SYS_WAIT_H 1
| #define HAVE_SYS_TYPES_H 1
| #define HAVE_SYS_STAT_H 1
| #define HAVE_STDLIB_H 1
| #define HAVE_STRING_H 1
| #define HAVE_MEMORY_H 1
| #define HAVE_STRINGS_H 1
| #define HAVE_INTTYPES_H 1
| #define HAVE_STDINT_H 1
| #define HAVE_UNISTD_H 1
| #define HAVE_ARPA_INET_H 1
| #define HAVE_CTYPE_H 1
| #define HAVE_DIRENT_H 1
| #define HAVE_ERRNO_H 1
| #define HAVE_FCNTL_H 1
| #define HAVE_GETOPT_H 1
| #define HAVE_GRP_H 1
| #define HAVE_LIBGEN_H 1
| #define HAVE_LIMITS_H 1
| #define HAVE_MATH_H 1
| #define HAVE_NETDB_H 1
| #define HAVE_NETINET_IN_H 1
| #define HAVE_PWD_H 1
| #define HAVE_REGEX_H 1
| #define HAVE_SIGNAL_H 1
| #define HAVE_STDARG_H 1
| #define HAVE_STRING_H 1
| #define HAVE_STRINGS_H 1
| #define HAVE_SYS_MMAN_H 1
| #define HAVE_SYS_TYPES_H 1
| #define HAVE_SYS_TIME_H 1
| #define HAVE_SYS_RESOURCE_H 1
| #define HAVE_SYS_WAIT_H 1
| #define HAVE_SYS_SOCKET_H 1
| #define HAVE_SYS_STAT_H 1
| #define HAVE_SYS_TIMEB_H 1
| #define HAVE_SYS_UN_H 1
| #define HAVE_SYS_IPC_H 1
| #define HAVE_SYS_MSG_H 1
| #define HAVE_SYS_POLL_H 1
| #define HAVE_SYSLOG_H 1
| #define HAVE_UNISTD_H 1
| #define HAVE_LOCALE_H 1
| #define HAVE_WCHAR_H 1
| #define HAVE_SYS_PRCTL_H 1
| #define HAVE_STRUCT_TM_TM_ZONE 1
| #define HAVE_TM_ZONE 1
| /* end confdefs.h.  */
| #include <stdio.h>
| #ifdef HAVE_SYS_TYPES_H
| # include <sys/types.h>
| #endif
| #ifdef HAVE_SYS_STAT_H
| # include <sys/stat.h>
| #endif
| #ifdef STDC_HEADERS
| # include <stdlib.h>
| # include <stddef.h>
| #else
| # ifdef HAVE_STDLIB_H
| #  include <stdlib.h>
| # endif
| #endif
| #ifdef HAVE_STRING_H
| # if !defined STDC_HEADERS && defined HAVE_MEMORY_H
| #  include <memory.h>
| # endif
| # include <string.h>
| #endif
| #ifdef HAVE_STRINGS_H
| # include <strings.h>
| #endif
| #ifdef HAVE_INTTYPES_H
| # include <inttypes.h>
| #endif
| #ifdef HAVE_STDINT_H
| # include <stdint.h>
| #endif
| #ifdef HAVE_UNISTD_H
| # include <unistd.h>
| #endif
| int
| main ()
| {
| if (sizeof ((mode_t)))
| 	    return 0;
|   ;
|   return 0;
| }
configure:4240: result: yes
configure:4251: checking for pid_t
configure:4251: gcc -c -g -O2  conftest.c >&5
configure:4251: $? = 0
configure:4251: gcc -c -g -O2  conftest.c >&5
conftest.c: In function 'main':
conftest.c:94:20: error: expected expression before ')' token
   94 | if (sizeof ((pid_t)))
      |                    ^
configure:4251: $? = 1
configure: failed program was:
| /* confdefs.h */
| #define PACKAGE_NAME ""
| #define PACKAGE_TARNAME ""
| #define PACKAGE_VERSION ""
| #define PACKAGE_STRING ""
| #define PACKAGE_BUGREPORT ""
| #define PACKAGE_URL ""
| #define STDC_HEADERS 1
| #define TIME_WITH_SYS_TIME 1
| #define HAVE_SYS_WAIT_H 1
| #define HAVE_SYS_TYPES_H 1
| #define HAVE_SYS_STAT_H 1
| #define HAVE_STDLIB_H 1
| #define HAVE_STRING_H 1
| #define HAVE_MEMORY_H 1
| #define HAVE_STRINGS_H 1
| #define HAVE_INTTYPES_H 1
| #define HAVE_STDINT_H 1
| #define HAVE_UNISTD_H 1
| #define HAVE_ARPA_INET_H 1
| #define HAVE_CTYPE_H 1
| #define HAVE_DIRENT_H 1
| #define HAVE_ERRNO_H 1
| #define HAVE_FCNTL_H 1
| #define HAVE_GETOPT_H 1
| #define HAVE_GRP_H 1
| #define HAVE_LIBGEN_H 1
| #define HAVE_LIMITS_H 1
| #define HAVE_MATH_H 1
| #define HAVE_NETDB_H 1
| #define HAVE_NETINET_IN_H 1
| #define HAVE_PWD_H 1
| #define HAVE_REGEX_H 1
| #define HAVE_SIGNAL_H 1
| #define HAVE_STDARG_H 1
| #define HAVE_STRING_H 1
| #define HAVE_STRINGS_H 1
| #define HAVE_SYS_MMAN_H 1
| #define HAVE_SYS_TYPES_H 1
| #define HAVE_SYS_TIME_H 1
| #define HAVE_SYS_RESOURCE_H 1
| #define HAVE_SYS_WAIT_H 1
| #define HAVE_SYS_SOCKET_H 1
| #define HAVE_SYS_STAT_H 1
| #define HAVE_SYS_TIMEB_H 1
| #define HAVE_SYS_UN_H 1
| #define HAVE_SYS_IPC_H 1
| #define HAVE_SYS_MSG_H 1
| #define HAVE_SYS_POLL_H 1
| #define HAVE_SYSLOG_H 1
| #define HAVE_UNISTD_H 1
| #define HAVE_LOCALE_H 1
| #define HAVE_WCHAR_H 1
| #define HAVE_SYS_PRCTL_H 1
| #define HAVE_STRUCT_TM_TM_ZONE 1
| #define HAVE_TM_ZONE 1
| /* end confdefs.h.  */
| #include <stdio.h>
| #ifdef HAVE_SYS_TYPES_H
| # include <sys/types.h>
| #endif
| #ifdef HAVE_SYS_STAT_H
| # include <sys/stat.h>
| #endif
| #ifdef STDC_HEADERS
| # include <stdlib.h>
| # include <stddef.h>
| #else
| # ifdef HAVE_STDLIB_H
| #  include <stdlib.h>
| # endif
| #endif
| #ifdef HAVE_STRING_H
| # if !defined STDC_HEADERS && defined HAVE_MEMORY_H
| #  include <memory.h>
| # endif
| # include <string.h>
| #endif
| #ifdef HAVE_STRINGS_H
| # include <strings.h>
| #endif
| #ifdef HAVE_INTTYPES_H
| # include <inttypes.h>
| #endif
| #ifdef HAVE_STDINT_H
| # include <stdint.h>
| #endif
| #ifdef HAVE_UNISTD_H
| # include <unistd.h>
| #endif
| int
| main ()
| {
| if (sizeof ((pid_t)))
| 	    return 0;
|   ;
|   return 0;
| }
configure:4251: result: yes
configure:4262: checking for size_t
configure:4262: gcc -c -g -O2  conftest.c >&5
configure:4262: $? = 0
configure:4262: gcc -c -g -O2  conftest.c >&5
conftest.c: In function 'main':
conftest.c:94:21: error: expected expression before ')' token
   94 | if (sizeof ((size_t)))
      |                     ^
configure:4262: $? = 1
configure: failed program was:
| /* confdefs.h */
| #define PACKAGE_NAME ""
| #define PACKAGE_TARNAME ""
| #define PACKAGE_VERSION ""
| #define PACKAGE_STRING ""
| #define PACKAGE_BUGREPORT ""
| #define PACKAGE_URL ""
| #define STDC_HEADERS 1
| #define TIME_WITH_SYS_TIME 1
| #define HAVE_SYS_WAIT_H 1
| #define HAVE_SYS_TYPES_H 1
| #define HAVE_SYS_STAT_H 1
| #define HAVE_STDLIB_H 1
| #define HAVE_STRING_H 1
| #define HAVE_MEMORY_H 1
| #define HAVE_STRINGS_H 1
| #define HAVE_INTTYPES_H 1
| #define HAVE_STDINT_H 1
| #define HAVE_UNISTD_H 1
| #define HAVE_ARPA_INET_H 1
| #define HAVE_CTYPE_H 1
| #define HAVE_DIRENT_H 1
| #define HAVE_ERRNO_H 1
| #define HAVE_FCNTL_H 1
| #define HAVE_GETOPT_H 1
| #define HAVE_GRP_H 1
| #define HAVE_LIBGEN_H 1
| #define HAVE_LIMITS_H 1
| #define HAVE_MATH_H 1
| #define HAVE_NETDB_H 1
| #define HAVE_NETINET_IN_H 1
| #define HAVE_PWD_H 1
| #define HAVE_REGEX_H 1
| #define HAVE_SIGNAL_H 1
| #define HAVE_STDARG_H 1
| #define HAVE_STRING_H 1
| #define HAVE_STRINGS_H 1
| #define HAVE_SYS_MMAN_H 1
| #define HAVE_SYS_TYPES_H 1
| #define HAVE_SYS_TIME_H 1
| #define HAVE_SYS_RESOURCE_H 1
| #define HAVE_SYS_WAIT_H 1
| #define HAVE_SYS_SOCKET_H 1
| #define HAVE_SYS_STAT_H 1
| #define HAVE_SYS_TIMEB_H 1
| #define HAVE_SYS_UN_H 1
| #define HAVE_SYS_IPC_H 1
| #define HAVE_SYS_MSG_H 1
| #define HAVE_SYS_POLL_H 1
| #define HAVE_SYSLOG_H 1
| #define HAVE_UNISTD_H 1
| #define HAVE_LOCALE_H 1
| #define HAVE_WCHAR_H 1
| #define HAVE_SYS_PRCTL_H 1
| #define HAVE_STRUCT_TM_TM_ZONE 1
| #define HAVE_TM_ZONE 1
| /* end confdefs.h.  */
| #include <stdio.h>
| #ifdef HAVE_SYS_TYPES_H
| # include <sys/types.h>
| #endif
| #ifdef HAVE_SYS_STAT_H
| # include <sys/stat.h>
| #endif
| #ifdef STDC_HEADERS
| # include <stdlib.h>
| # include <stddef.h>
| #else
| # ifdef HAVE_STDLIB_H
| #  include <stdlib.h>
| # endif
| #endif
| #ifdef HAVE_STRING_H
| # if !defined STDC_HEADERS && defined HAVE_MEMORY_H
| #  include <memory.h>
| # endif
| # include <string.h>
| #endif
| #ifdef HAVE_STRINGS_H
| # include <strings.h>
| #endif
| #ifdef HAVE_INTTYPES_H
| # include <inttypes.h>
| #endif
| #ifdef HAVE_STDINT_H
| # include <stdint.h>
| #endif
| #ifdef HAVE_UNISTD_H
| # include <unistd.h>
| #endif
| int
| main ()
| {
| if (sizeof ((size_t)))
| 	    return 0;
|   ;
|   return 0;
| }
configure:4262: result: yes
configure:4273: checking return type of signal handlers
configure:4291: gcc -c -g -O2  conftest.c >&5
conftest.c: In function 'main':
conftest.c:64:10: error: void value not ignored as it ought to be
   64 | return *(signal (0, 0)) (0) == 1;
      |         ~^~~~~~~~~~~~~~~~~~
configure:4291: $? = 1
configure: failed program was:
| /* confdefs.h */
| #define PACKAGE_NAME ""
| #define PACKAGE_TARNAME ""
| #define PACKAGE_VERSION ""
| #define PACKAGE_STRING ""
| #define PACKAGE_BUGREPORT ""
| #define PACKAGE_URL ""
| #define STDC_HEADERS 1
| #define TIME_WITH_SYS_TIME 1
| #define HAVE_SYS_WAIT_H 1
| #define HAVE_SYS_TYPES_H 1
| #define HAVE_SYS_STAT_H 1
| #define HAVE_STDLIB_H 1
| #define HAVE_STRING_H 1
| #define HAVE_MEMORY_H 1
| #define HAVE_STRINGS_H 1
| #define HAVE_INTTYPES_H 1
| #define HAVE_STDINT_H 1
| #define HAVE_UNISTD_H 1
| #define HAVE_ARPA_INET_H 1
| #define HAVE_CTYPE_H 1
| #define HAVE_DIRENT_H 1
| #define HAVE_ERRNO_H 1
| #define HAVE_FCNTL_H 1
| #define HAVE_GETOPT_H 1
| #define HAVE_GRP_H 1
| #define HAVE_LIBGEN_H 1
| #define HAVE_LIMITS_H 1
| #define HAVE_MATH_H 1
| #define HAVE_NETDB_H 1
| #define HAVE_NETINET_IN_H 1
| #define HAVE_PWD_H 1
| #define HAVE_REGEX_H 1
| #define HAVE_SIGNAL_H 1
| #define HAVE_STDARG_H 1
| #define HAVE_STRING_H 1
| #define HAVE_STRINGS_H 1
| #define HAVE_SYS_MMAN_H 1
| #define HAVE_SYS_TYPES_H 1
| #define HAVE_SYS_TIME_H 1
| #define HAVE_SYS_RESOURCE_H 1
| #define HAVE_SYS_WAIT_H 1
| #define HAVE_SYS_SOCKET_H 1
| #define HAVE_SYS_STAT_H 1
| #define HAVE_SYS_TIMEB_H 1
| #define HAVE_SYS_UN_H 1
| #define HAVE_SYS_IPC_H 1
| #define HAVE_SYS_MSG_H 1
| #define HAVE_SYS_POLL_H 1
| #define HAVE_SYSLOG_H 1
| #define HAVE_UNISTD_H 1
| #define HAVE_LOCALE_H 1
| #define HAVE_WCHAR_H 1
| #define HAVE_SYS_PRCTL_H 1
| #define HAVE_STRUCT_TM_TM_ZONE 1
| #define HAVE_TM_ZONE 1
| /* end confdefs.h.  */
| #include <sys/types.h>
| #include <signal.h>
| 
| int
| main ()
| {
| return *(signal (0, 0)) (0) == 1;
|   ;
|   return 0;
| }
configure:4298: result: void
configure:4306: checking for uid_t in sys/types.h
configure:4325: result: yes
configure:4336: checking type of array argument to getgroups
configure:4370: gcc -o conftest -g -O2   conftest.c  >&5
configure:4370: $? = 0
configure:4370: ./conftest
configure:4370: $? = 0
configure:4395: result: gid_t
configure:4412: checking what the operating system is 
configure:4479: result: linux
configure:4490: checking what the distribution type is 
configure:4602: result: fedora
configure:4612: checking what init system is being used 
configure:4755: result: systemd
configure:4765: checking what inetd is being used 
configure:4854: result: systemd
configure:4897: checking for which paths to use 
configure:5629: result: default
configure:5643: checking for which init file to use 
configure:5686: result: default-service
configure:5689: checking for which inetd files to use 
configure:5711: result: default-socket
configure:5752: checking for va_copy
configure:5770: gcc -o conftest -g -O2   conftest.c  >&5
configure:5770: $? = 0
configure:5778: result: yes
configure:5820: checking for vsnprintf
configure:5820: gcc -o conftest -g -O2   conftest.c  >&5
conftest.c:84:6: warning: conflicting types for built-in function 'vsnprintf'; expected 'int(char *, long unsigned int,  const char *, __va_list_tag *)' [-Wbuiltin-declaration-mismatch]
   84 | char vsnprintf ();
      |      ^~~~~~~~~
conftest.c:72:1: note: 'vsnprintf' is declared in header '<stdio.h>'
   71 | # include <limits.h>
   72 | #else
configure:5820: $? = 0
configure:5820: result: yes
configure:5827: checking for snprintf
configure:5827: gcc -o conftest -g -O2   conftest.c  >&5
conftest.c:84:6: warning: conflicting types for built-in function 'snprintf'; expected 'int(char *, long unsigned int,  const char *, ...)' [-Wbuiltin-declaration-mismatch]
   84 | char snprintf ();
      |      ^~~~~~~~
conftest.c:72:1: note: 'snprintf' is declared in header '<stdio.h>'
   71 | # include <limits.h>
   72 | #else
configure:5827: $? = 0
configure:5827: result: yes
configure:5834: checking for asprintf
configure:5834: gcc -o conftest -g -O2   conftest.c  >&5
configure:5834: $? = 0
configure:5834: result: yes
configure:5841: checking for vasprintf
configure:5841: gcc -o conftest -g -O2   conftest.c  >&5
configure:5841: $? = 0
configure:5841: result: yes
configure:5850: checking for sigaction
configure:5850: gcc -o conftest -g -O2   conftest.c  >&5
configure:5850: $? = 0
configure:5850: result: yes
configure:5860: checking for C99 vsnprintf
configure:5896: gcc -o conftest -g -O2   conftest.c  >&5
conftest.c: In function 'foo':
conftest.c:71:14: warning: implicit declaration of function 'vsnprintf' [-Wimplicit-function-declaration]
   71 |        len = vsnprintf(buf, 0, format, ap);
      |              ^~~~~~~~~
conftest.c:71:29: warning: 'vsnprintf' argument 2 type is 'int' where 'long unsigned int' is expected in a call to built-in function declared without prototype [-Wbuiltin-declaration-mismatch]
   71 |        len = vsnprintf(buf, 0, format, ap);
      |                             ^
<built-in>: note: built-in 'vsnprintf' declared here
conftest.c:73:22: warning: implicit declaration of function 'exit' [-Wimplicit-function-declaration]
   73 |        if (len != 5) exit(1);
      |                      ^~~~
conftest.c:73:22: warning: incompatible implicit declaration of built-in function 'exit'
conftest.c:65:1: note: include '<stdlib.h>' or provide a declaration of 'exit'
   64 | #include <stdarg.h>
  +++ |+#include <stdlib.h>
   65 | void foo(const char *format, ...) {
conftest.c:76:27: warning: 'vsnprintf' argument 2 type is 'int' where 'long unsigned int' is expected in a call to built-in function declared without prototype [-Wbuiltin-declaration-mismatch]
   76 |        len = vsnprintf(0, 0, format, ap);
      |                           ^
<built-in>: note: built-in 'vsnprintf' declared here
conftest.c:78:22: warning: incompatible implicit declaration of built-in function 'exit'
   78 |        if (len != 5) exit(1);
      |                      ^~~~
conftest.c:78:22: note: include '<stdlib.h>' or provide a declaration of 'exit'
conftest.c:80:12: warning: implicit declaration of function 'snprintf' [-Wimplicit-function-declaration]
   80 |        if (snprintf(buf, 3, "hello") != 5 || strcmp(buf, "he") != 0) exit(1);
      |            ^~~~~~~~
conftest.c:80:12: warning: incompatible implicit declaration of built-in function 'snprintf'
conftest.c:65:1: note: include '<stdio.h>' or provide a declaration of 'snprintf'
   64 | #include <stdarg.h>
  +++ |+#include <stdio.h>
   65 | void foo(const char *format, ...) {
conftest.c:80:46: warning: implicit declaration of function 'strcmp' [-Wimplicit-function-declaration]
   80 |        if (snprintf(buf, 3, "hello") != 5 || strcmp(buf, "he") != 0) exit(1);
      |                                              ^~~~~~
conftest.c:80:70: warning: incompatible implicit declaration of built-in function 'exit'
   80 |        if (snprintf(buf, 3, "hello") != 5 || strcmp(buf, "he") != 0) exit(1);
      |                                                                      ^~~~
conftest.c:80:70: note: include '<stdlib.h>' or provide a declaration of 'exit'
conftest.c:82:8: warning: incompatible implicit declaration of built-in function 'exit'
   82 |        exit(0);
      |        ^~~~
conftest.c:82:8: note: include '<stdlib.h>' or provide a declaration of 'exit'
conftest.c: At top level:
conftest.c:84:1: warning: return type defaults to 'int' [-Wimplicit-int]
   84 | main() { foo("hello"); }
      | ^~~~
configure:5896: $? = 0
configure:5896: ./conftest
configure:5896: $? = 0
configure:5906: result: yes
configure:5917: checking for library containing getservbyname
configure:5948: gcc -o conftest -g -O2   conftest.c  >&5
configure:5948: $? = 0
configure:5965: result: none required
configure:5975: checking for library containing connect
configure:6006: gcc -o conftest -g -O2   conftest.c  >&5
configure:6006: $? = 0
configure:6023: result: none required
configure:6037: checking for initgroups
configure:6037: gcc -o conftest -g -O2   conftest.c  >&5
configure:6037: $? = 0
configure:6037: result: yes
configure:6037: checking for setenv
configure:6037: gcc -o conftest -g -O2   conftest.c  >&5
configure:6037: $? = 0
configure:6037: result: yes
configure:6037: checking for strdup
configure:6037: gcc -o conftest -g -O2   conftest.c  >&5
conftest.c:88:6: warning: conflicting types for built-in function 'strdup'; expected 'char *(const char *)' [-Wbuiltin-declaration-mismatch]
   88 | char strdup ();
      |      ^~~~~~
configure:6037: $? = 0
configure:6037: result: yes
configure:6037: checking for strstr
configure:6037: gcc -o conftest -g -O2   conftest.c  >&5
conftest.c:89:6: warning: conflicting types for built-in function 'strstr'; expected 'char *(const char *, const char *)' [-Wbuiltin-declaration-mismatch]
   89 | char strstr ();
      |      ^~~~~~
conftest.c:77:1: note: 'strstr' is declared in header '<string.h>'
   76 | # include <limits.h>
   77 | #else
configure:6037: $? = 0
configure:6037: result: yes
configure:6037: checking for strtoul
configure:6037: gcc -o conftest -g -O2   conftest.c  >&5
configure:6037: $? = 0
configure:6037: result: yes
configure:6037: checking for unsetenv
configure:6037: gcc -o conftest -g -O2   conftest.c  >&5
configure:6037: $? = 0
configure:6037: result: yes
configure:6047: checking for type of socket size
configure:6063: gcc -c -g -O2  conftest.c >&5
configure:6063: $? = 0
configure:6066: result: size_t
configure:6077: checking for library containing nanosleep
configure:6108: gcc -o conftest -g -O2   conftest.c  >&5
configure:6108: $? = 0
configure:6125: result: none required
configure:6255: checking for mail
configure:6273: found /usr/bin/mail
configure:6285: result: /usr/bin/mail
configure:6364: gcc -c -g -O2  conftest.c >&5
configure:6364: $? = 0
configure:6367: result: checking for RLIMIT_PROC... yes
configure:6412: checking for glibc at least version 2.4
configure:6428: gcc -E  conftest.c
configure:6428: $? = 0
configure:6429: result: yes
configure:6438: checking sys/epoll.h usability
configure:6438: gcc -c -g -O2  conftest.c >&5
configure:6438: $? = 0
configure:6438: result: yes
configure:6438: checking sys/epoll.h presence
configure:6438: gcc -E  conftest.c
configure:6438: $? = 0
configure:6438: result: yes
configure:6438: checking for sys/epoll.h
configure:6438: result: yes
configure:6447: checking sys/select.h usability
configure:6447: gcc -c -g -O2  conftest.c >&5
configure:6447: $? = 0
configure:6447: result: yes
configure:6447: checking sys/select.h presence
configure:6447: gcc -E  conftest.c
configure:6447: $? = 0
configure:6447: result: yes
configure:6447: checking for sys/select.h
configure:6447: result: yes
configure:6600: checking for main in -liconv
configure:6619: gcc -o conftest -g -O2   conftest.c -liconv   >&5
/usr/bin/ld: cannot find -liconv
collect2: error: ld returned 1 exit status
configure:6619: $? = 1
configure: failed program was:
| /* confdefs.h */
| #define PACKAGE_NAME ""
| #define PACKAGE_TARNAME ""
| #define PACKAGE_VERSION ""
| #define PACKAGE_STRING ""
| #define PACKAGE_BUGREPORT ""
| #define PACKAGE_URL ""
| #define STDC_HEADERS 1
| #define TIME_WITH_SYS_TIME 1
| #define HAVE_SYS_WAIT_H 1
| #define HAVE_SYS_TYPES_H 1
| #define HAVE_SYS_STAT_H 1
| #define HAVE_STDLIB_H 1
| #define HAVE_STRING_H 1
| #define HAVE_MEMORY_H 1
| #define HAVE_STRINGS_H 1
| #define HAVE_INTTYPES_H 1
| #define HAVE_STDINT_H 1
| #define HAVE_UNISTD_H 1
| #define HAVE_ARPA_INET_H 1
| #define HAVE_CTYPE_H 1
| #define HAVE_DIRENT_H 1
| #define HAVE_ERRNO_H 1
| #define HAVE_FCNTL_H 1
| #define HAVE_GETOPT_H 1
| #define HAVE_GRP_H 1
| #define HAVE_LIBGEN_H 1
| #define HAVE_LIMITS_H 1
| #define HAVE_MATH_H 1
| #define HAVE_NETDB_H 1
| #define HAVE_NETINET_IN_H 1
| #define HAVE_PWD_H 1
| #define HAVE_REGEX_H 1
| #define HAVE_SIGNAL_H 1
| #define HAVE_STDARG_H 1
| #define HAVE_STRING_H 1
| #define HAVE_STRINGS_H 1
| #define HAVE_SYS_MMAN_H 1
| #define HAVE_SYS_TYPES_H 1
| #define HAVE_SYS_TIME_H 1
| #define HAVE_SYS_RESOURCE_H 1
| #define HAVE_SYS_WAIT_H 1
| #define HAVE_SYS_SOCKET_H 1
| #define HAVE_SYS_STAT_H 1
| #define HAVE_SYS_TIMEB_H 1
| #define HAVE_SYS_UN_H 1
| #define HAVE_SYS_IPC_H 1
| #define HAVE_SYS_MSG_H 1
| #define HAVE_SYS_POLL_H 1
| #define HAVE_SYSLOG_H 1
| #define HAVE_UNISTD_H 1
| #define HAVE_LOCALE_H 1
| #define HAVE_WCHAR_H 1
| #define HAVE_SYS_PRCTL_H 1
| #define HAVE_STRUCT_TM_TM_ZONE 1
| #define HAVE_TM_ZONE 1
| #define RETSIGTYPE void
| #define GETGROUPS_T gid_t
| #define HAVE_VA_COPY 1
| #define HAVE_SIGACTION 1
| #define HAVE_C99_VSNPRINTF 1
| #define HAVE_INITGROUPS 1
| #define HAVE_SETENV 1
| #define HAVE_STRDUP 1
| #define HAVE_STRSTR 1
| #define HAVE_STRTOUL 1
| #define HAVE_UNSETENV 1
| #define SOCKET_SIZE_TYPE size_t
| #define DEFAULT_NAGIOS_USER "nagios"
| #define DEFAULT_NAGIOS_GROUP "nagios"
| #define DETECT_RLIMIT_PROBLEM 1
| #define IOBROKER_USES_EPOLL 1
| #define USE_STATUSWRL /**/
| /* end confdefs.h.  */
| 
| 
| int
| main ()
| {
| return main ();
|   ;
|   return 0;
| }
configure:6628: result: no
configure:6636: checking for gdImagePng in -lgd (order 1)
configure:6659: gcc -o conftest -g -O2   conftest.c -lgd -lttf -lpng -ljpeg -lz -lm  >&5
/usr/bin/ld: cannot find -lttf
collect2: error: ld returned 1 exit status
configure:6659: $? = 1
configure: failed program was:
| /* confdefs.h */
| #define PACKAGE_NAME ""
| #define PACKAGE_TARNAME ""
| #define PACKAGE_VERSION ""
| #define PACKAGE_STRING ""
| #define PACKAGE_BUGREPORT ""
| #define PACKAGE_URL ""
| #define STDC_HEADERS 1
| #define TIME_WITH_SYS_TIME 1
| #define HAVE_SYS_WAIT_H 1
| #define HAVE_SYS_TYPES_H 1
| #define HAVE_SYS_STAT_H 1
| #define HAVE_STDLIB_H 1
| #define HAVE_STRING_H 1
| #define HAVE_MEMORY_H 1
| #define HAVE_STRINGS_H 1
| #define HAVE_INTTYPES_H 1
| #define HAVE_STDINT_H 1
| #define HAVE_UNISTD_H 1
| #define HAVE_ARPA_INET_H 1
| #define HAVE_CTYPE_H 1
| #define HAVE_DIRENT_H 1
| #define HAVE_ERRNO_H 1
| #define HAVE_FCNTL_H 1
| #define HAVE_GETOPT_H 1
| #define HAVE_GRP_H 1
| #define HAVE_LIBGEN_H 1
| #define HAVE_LIMITS_H 1
| #define HAVE_MATH_H 1
| #define HAVE_NETDB_H 1
| #define HAVE_NETINET_IN_H 1
| #define HAVE_PWD_H 1
| #define HAVE_REGEX_H 1
| #define HAVE_SIGNAL_H 1
| #define HAVE_STDARG_H 1
| #define HAVE_STRING_H 1
| #define HAVE_STRINGS_H 1
| #define HAVE_SYS_MMAN_H 1
| #define HAVE_SYS_TYPES_H 1
| #define HAVE_SYS_TIME_H 1
| #define HAVE_SYS_RESOURCE_H 1
| #define HAVE_SYS_WAIT_H 1
| #define HAVE_SYS_SOCKET_H 1
| #define HAVE_SYS_STAT_H 1
| #define HAVE_SYS_TIMEB_H 1
| #define HAVE_SYS_UN_H 1
| #define HAVE_SYS_IPC_H 1
| #define HAVE_SYS_MSG_H 1
| #define HAVE_SYS_POLL_H 1
| #define HAVE_SYSLOG_H 1
| #define HAVE_UNISTD_H 1
| #define HAVE_LOCALE_H 1
| #define HAVE_WCHAR_H 1
| #define HAVE_SYS_PRCTL_H 1
| #define HAVE_STRUCT_TM_TM_ZONE 1
| #define HAVE_TM_ZONE 1
| #define RETSIGTYPE void
| #define GETGROUPS_T gid_t
| #define HAVE_VA_COPY 1
| #define HAVE_SIGACTION 1
| #define HAVE_C99_VSNPRINTF 1
| #define HAVE_INITGROUPS 1
| #define HAVE_SETENV 1
| #define HAVE_STRDUP 1
| #define HAVE_STRSTR 1
| #define HAVE_STRTOUL 1
| #define HAVE_UNSETENV 1
| #define SOCKET_SIZE_TYPE size_t
| #define DEFAULT_NAGIOS_USER "nagios"
| #define DEFAULT_NAGIOS_GROUP "nagios"
| #define DETECT_RLIMIT_PROBLEM 1
| #define IOBROKER_USES_EPOLL 1
| #define USE_STATUSWRL /**/
| /* end confdefs.h.  */
| 	/* Override any gcc2 internal prototype to avoid an error.  */
| /* We use char because int might match the return type of a gcc2
|     builtin and then its argument prototype would still apply.  */
| char gdImagePng();
| 
| int
| main ()
| {
| gdImagePng()
|   ;
|   return 0;
| }
configure:6677: result: no
configure:6684: checking for gdImagePng in -lgd (order 2)
configure:6707: gcc -o conftest -g -O2   conftest.c -lgd  -lpng -ljpeg -lz -lm  >&5
configure:6707: $? = 0
configure:6718: result: yes
configure:6865: checking for GD library
configure:6867: result: yes
configure:6876: checking for gdImageCreateTrueColor in -lgd
configure:6901: gcc -o conftest -g -O2   conftest.c -lgd   >&5
configure:6901: $? = 0
configure:6910: result: yes
configure:6989: checking ltdl.h usability
configure:6989: gcc -c -g -O2  conftest.c >&5
conftest.c:113:10: fatal error: ltdl.h: No such file or directory
  113 | #include <ltdl.h>
      |          ^~~~~~~~
compilation terminated.
configure:6989: $? = 1
configure: failed program was:
| /* confdefs.h */
| #define PACKAGE_NAME ""
| #define PACKAGE_TARNAME ""
| #define PACKAGE_VERSION ""
| #define PACKAGE_STRING ""
| #define PACKAGE_BUGREPORT ""
| #define PACKAGE_URL ""
| #define STDC_HEADERS 1
| #define TIME_WITH_SYS_TIME 1
| #define HAVE_SYS_WAIT_H 1
| #define HAVE_SYS_TYPES_H 1
| #define HAVE_SYS_STAT_H 1
| #define HAVE_STDLIB_H 1
| #define HAVE_STRING_H 1
| #define HAVE_MEMORY_H 1
| #define HAVE_STRINGS_H 1
| #define HAVE_INTTYPES_H 1
| #define HAVE_STDINT_H 1
| #define HAVE_UNISTD_H 1
| #define HAVE_ARPA_INET_H 1
| #define HAVE_CTYPE_H 1
| #define HAVE_DIRENT_H 1
| #define HAVE_ERRNO_H 1
| #define HAVE_FCNTL_H 1
| #define HAVE_GETOPT_H 1
| #define HAVE_GRP_H 1
| #define HAVE_LIBGEN_H 1
| #define HAVE_LIMITS_H 1
| #define HAVE_MATH_H 1
| #define HAVE_NETDB_H 1
| #define HAVE_NETINET_IN_H 1
| #define HAVE_PWD_H 1
| #define HAVE_REGEX_H 1
| #define HAVE_SIGNAL_H 1
| #define HAVE_STDARG_H 1
| #define HAVE_STRING_H 1
| #define HAVE_STRINGS_H 1
| #define HAVE_SYS_MMAN_H 1
| #define HAVE_SYS_TYPES_H 1
| #define HAVE_SYS_TIME_H 1
| #define HAVE_SYS_RESOURCE_H 1
| #define HAVE_SYS_WAIT_H 1
| #define HAVE_SYS_SOCKET_H 1
| #define HAVE_SYS_STAT_H 1
| #define HAVE_SYS_TIMEB_H 1
| #define HAVE_SYS_UN_H 1
| #define HAVE_SYS_IPC_H 1
| #define HAVE_SYS_MSG_H 1
| #define HAVE_SYS_POLL_H 1
| #define HAVE_SYSLOG_H 1
| #define HAVE_UNISTD_H 1
| #define HAVE_LOCALE_H 1
| #define HAVE_WCHAR_H 1
| #define HAVE_SYS_PRCTL_H 1
| #define HAVE_STRUCT_TM_TM_ZONE 1
| #define HAVE_TM_ZONE 1
| #define RETSIGTYPE void
| #define GETGROUPS_T gid_t
| #define HAVE_VA_COPY 1
| #define HAVE_SIGACTION 1
| #define HAVE_C99_VSNPRINTF 1
| #define HAVE_INITGROUPS 1
| #define HAVE_SETENV 1
| #define HAVE_STRDUP 1
| #define HAVE_STRSTR 1
| #define HAVE_STRTOUL 1
| #define HAVE_UNSETENV 1
| #define SOCKET_SIZE_TYPE size_t
| #define DEFAULT_NAGIOS_USER "nagios"
| #define DEFAULT_NAGIOS_GROUP "nagios"
| #define DETECT_RLIMIT_PROBLEM 1
| #define IOBROKER_USES_EPOLL 1
| #define USE_STATUSWRL /**/
| #define USE_STATUSMAP /**/
| #define HAVE_GDIMAGECREATETRUECOLOR 1
| #define USE_TRENDS /**/
| #define USE_HISTOGRAM /**/
| #define USE_NANOSLEEP /**/
| /* end confdefs.h.  */
| #include <stdio.h>
| #ifdef HAVE_SYS_TYPES_H
| # include <sys/types.h>
| #endif
| #ifdef HAVE_SYS_STAT_H
| # include <sys/stat.h>
| #endif
| #ifdef STDC_HEADERS
| # include <stdlib.h>
| # include <stddef.h>
| #else
| # ifdef HAVE_STDLIB_H
| #  include <stdlib.h>
| # endif
| #endif
| #ifdef HAVE_STRING_H
| # if !defined STDC_HEADERS && defined HAVE_MEMORY_H
| #  include <memory.h>
| # endif
| # include <string.h>
| #endif
| #ifdef HAVE_STRINGS_H
| # include <strings.h>
| #endif
| #ifdef HAVE_INTTYPES_H
| # include <inttypes.h>
| #endif
| #ifdef HAVE_STDINT_H
| # include <stdint.h>
| #endif
| #ifdef HAVE_UNISTD_H
| # include <unistd.h>
| #endif
| #include <ltdl.h>
configure:6989: result: no
configure:6989: checking ltdl.h presence
configure:6989: gcc -E  conftest.c
conftest.c:80:10: fatal error: ltdl.h: No such file or directory
   80 | #include <ltdl.h>
      |          ^~~~~~~~
compilation terminated.
configure:6989: $? = 1
configure: failed program was:
| /* confdefs.h */
| #define PACKAGE_NAME ""
| #define PACKAGE_TARNAME ""
| #define PACKAGE_VERSION ""
| #define PACKAGE_STRING ""
| #define PACKAGE_BUGREPORT ""
| #define PACKAGE_URL ""
| #define STDC_HEADERS 1
| #define TIME_WITH_SYS_TIME 1
| #define HAVE_SYS_WAIT_H 1
| #define HAVE_SYS_TYPES_H 1
| #define HAVE_SYS_STAT_H 1
| #define HAVE_STDLIB_H 1
| #define HAVE_STRING_H 1
| #define HAVE_MEMORY_H 1
| #define HAVE_STRINGS_H 1
| #define HAVE_INTTYPES_H 1
| #define HAVE_STDINT_H 1
| #define HAVE_UNISTD_H 1
| #define HAVE_ARPA_INET_H 1
| #define HAVE_CTYPE_H 1
| #define HAVE_DIRENT_H 1
| #define HAVE_ERRNO_H 1
| #define HAVE_FCNTL_H 1
| #define HAVE_GETOPT_H 1
| #define HAVE_GRP_H 1
| #define HAVE_LIBGEN_H 1
| #define HAVE_LIMITS_H 1
| #define HAVE_MATH_H 1
| #define HAVE_NETDB_H 1
| #define HAVE_NETINET_IN_H 1
| #define HAVE_PWD_H 1
| #define HAVE_REGEX_H 1
| #define HAVE_SIGNAL_H 1
| #define HAVE_STDARG_H 1
| #define HAVE_STRING_H 1
| #define HAVE_STRINGS_H 1
| #define HAVE_SYS_MMAN_H 1
| #define HAVE_SYS_TYPES_H 1
| #define HAVE_SYS_TIME_H 1
| #define HAVE_SYS_RESOURCE_H 1
| #define HAVE_SYS_WAIT_H 1
| #define HAVE_SYS_SOCKET_H 1
| #define HAVE_SYS_STAT_H 1
| #define HAVE_SYS_TIMEB_H 1
| #define HAVE_SYS_UN_H 1
| #define HAVE_SYS_IPC_H 1
| #define HAVE_SYS_MSG_H 1
| #define HAVE_SYS_POLL_H 1
| #define HAVE_SYSLOG_H 1
| #define HAVE_UNISTD_H 1
| #define HAVE_LOCALE_H 1
| #define HAVE_WCHAR_H 1
| #define HAVE_SYS_PRCTL_H 1
| #define HAVE_STRUCT_TM_TM_ZONE 1
| #define HAVE_TM_ZONE 1
| #define RETSIGTYPE void
| #define GETGROUPS_T gid_t
| #define HAVE_VA_COPY 1
| #define HAVE_SIGACTION 1
| #define HAVE_C99_VSNPRINTF 1
| #define HAVE_INITGROUPS 1
| #define HAVE_SETENV 1
| #define HAVE_STRDUP 1
| #define HAVE_STRSTR 1
| #define HAVE_STRTOUL 1
| #define HAVE_UNSETENV 1
| #define SOCKET_SIZE_TYPE size_t
| #define DEFAULT_NAGIOS_USER "nagios"
| #define DEFAULT_NAGIOS_GROUP "nagios"
| #define DETECT_RLIMIT_PROBLEM 1
| #define IOBROKER_USES_EPOLL 1
| #define USE_STATUSWRL /**/
| #define USE_STATUSMAP /**/
| #define HAVE_GDIMAGECREATETRUECOLOR 1
| #define USE_TRENDS /**/
| #define USE_HISTOGRAM /**/
| #define USE_NANOSLEEP /**/
| /* end confdefs.h.  */
| #include <ltdl.h>
configure:6989: result: no
configure:6989: checking for ltdl.h
configure:6989: result: no
configure:7043: checking dlfcn.h usability
configure:7043: gcc -c -g -O2  conftest.c >&5
configure:7043: $? = 0
configure:7043: result: yes
configure:7043: checking dlfcn.h presence
configure:7043: gcc -E  conftest.c
configure:7043: $? = 0
configure:7043: result: yes
configure:7043: checking for dlfcn.h
configure:7043: result: yes
configure:7046: checking for dlopen in -ldl
configure:7071: gcc -o conftest -g -O2   conftest.c -ldl   >&5
configure:7071: $? = 0
configure:7080: result: yes
configure:7108: checking for extra flags needed to export symbols
configure:7131: gcc -o conftest -g -O2  -Wl,-export-dynamic conftest.c  >&5
configure:7131: $? = 0
configure:7163: result:  -Wl,-export-dynamic
configure:7167: checking for linker flags for loadable modules
configure:7202: result: -shared
configure:7245: checking for traceroute
configure:7263: found /usr/bin/traceroute
configure:7275: result: /usr/bin/traceroute
configure:7314: checking for type va_list
configure:7335: gcc -c -g -O2  conftest.c >&5
configure:7335: $? = 0
configure:7336: result: yes
configure:7385: checking for perl
configure:7403: found /usr/bin/perl
configure:7415: result: /usr/bin/perl
configure:7429: checking for unzip
configure:7447: found /usr/bin/unzip
configure:7459: result: /usr/bin/unzip
configure:7505: creating ./config.status

## ---------------------- ##
## Running config.status. ##
## ---------------------- ##

This file was extended by config.status, which was
generated by GNU Autoconf 2.69.  Invocation command line was

  CONFIG_FILES    = 
  CONFIG_HEADERS  = 
  CONFIG_LINKS    = 
  CONFIG_COMMANDS = 
  $ ./config.status 

on fedora01t

config.status:966: creating html/index.php
config.status:966: creating Makefile
config.status:966: creating lib/Makefile
config.status:966: creating base/Makefile
config.status:966: creating common/Makefile
config.status:966: creating contrib/Makefile
config.status:966: creating cgi/Makefile
config.status:966: creating html/Makefile
config.status:966: creating module/Makefile
config.status:966: creating worker/Makefile
config.status:966: creating worker/ping/Makefile
config.status:966: creating xdata/Makefile
config.status:966: creating subst
config.status:966: creating pkginfo
config.status:966: creating startup/openrc-init
config.status:966: creating startup/default-init
config.status:966: creating startup/default-service
config.status:966: creating startup/upstart-init
config.status:966: creating t/Makefile
config.status:966: creating t-tap/Makefile
config.status:966: creating include/config.h
config.status:966: creating lib/snprintf.h
config.status:966: creating lib/iobroker.h
configure:8872: result: *** Configuration summary for nagios 4.4.5 2019-08-20 ***:
configure:8879: result:         Nagios executable:  nagios
configure:8881: result:         Nagios user/group:  nagios,nagios
configure:8883: result:        Command user/group:  nagios,nagios
configure:8885: result:              Event Broker:  yes
configure:8887: result:         Install ${prefix}:  /usr/local/nagios
configure:8889: result:     Install ${includedir}:  /usr/local/nagios/include/nagios
configure:8891: result:                 Lock file:  /run/nagios.lock
configure:8893: result:    Check result directory:  /usr/local/nagios/var/spool/checkresults
configure:8895: result:            Init directory:  /lib/systemd/system
configure:8897: result:   Apache conf.d directory:  /etc/httpd/conf.d
configure:8899: result:              Mail program:  /usr/bin/mail
configure:8901: result:                   Host OS:  linux-gnu
configure:8903: result:           IOBroker Method:  epoll
configure:8910: result:                  HTML URL:  http://localhost/nagios/
configure:8912: result:                   CGI URL:  http://localhost/nagios/cgi-bin/
configure:8914: result:  Traceroute (used by WAP):  /usr/bin/traceroute

## ---------------- ##
## Cache variables. ##
## ---------------- ##

ac_cv_HAVE_C99_VSNPRINTF=yes
ac_cv_HAVE_VA_COPY=yes
ac_cv_build=x86_64-pc-linux-gnu
ac_cv_c_compiler_gnu=yes
ac_cv_c_const=yes
ac_cv_env_CC_set=
ac_cv_env_CC_value=
ac_cv_env_CFLAGS_set=
ac_cv_env_CFLAGS_value=
ac_cv_env_CPPFLAGS_set=
ac_cv_env_CPPFLAGS_value=
ac_cv_env_CPP_set=
ac_cv_env_CPP_value=
ac_cv_env_LDFLAGS_set=
ac_cv_env_LDFLAGS_value=
ac_cv_env_LIBS_set=
ac_cv_env_LIBS_value=
ac_cv_env_build_alias_set=
ac_cv_env_build_alias_value=
ac_cv_env_host_alias_set=
ac_cv_env_host_alias_value=
ac_cv_env_target_alias_set=
ac_cv_env_target_alias_value=
ac_cv_func_asprintf=yes
ac_cv_func_initgroups=yes
ac_cv_func_setenv=yes
ac_cv_func_sigaction=yes
ac_cv_func_snprintf=yes
ac_cv_func_strdup=yes
ac_cv_func_strstr=yes
ac_cv_func_strtoul=yes
ac_cv_func_unsetenv=yes
ac_cv_func_vasprintf=yes
ac_cv_func_vsnprintf=yes
ac_cv_header_arpa_inet_h=yes
ac_cv_header_ctype_h=yes
ac_cv_header_dirent_h=yes
ac_cv_header_dlfcn_h=yes
ac_cv_header_errno_h=yes
ac_cv_header_fcntl_h=yes
ac_cv_header_getopt_h=yes
ac_cv_header_grp_h=yes
ac_cv_header_inttypes_h=yes
ac_cv_header_libgen_h=yes
ac_cv_header_limits_h=yes
ac_cv_header_locale_h=yes
ac_cv_header_ltdl_h=no
ac_cv_header_math_h=yes
ac_cv_header_memory_h=yes
ac_cv_header_netdb_h=yes
ac_cv_header_netinet_in_h=yes
ac_cv_header_pwd_h=yes
ac_cv_header_regex_h=yes
ac_cv_header_signal_h=yes
ac_cv_header_socket_h=no
ac_cv_header_stdarg_h=yes
ac_cv_header_stdc=yes
ac_cv_header_stdint_h=yes
ac_cv_header_stdlib_h=yes
ac_cv_header_string_h=yes
ac_cv_header_strings_h=yes
ac_cv_header_sys_epoll_h=yes
ac_cv_header_sys_ipc_h=yes
ac_cv_header_sys_loadavg_h=no
ac_cv_header_sys_mman_h=yes
ac_cv_header_sys_msg_h=yes
ac_cv_header_sys_poll_h=yes
ac_cv_header_sys_prctl_h=yes
ac_cv_header_sys_resource_h=yes
ac_cv_header_sys_select_h=yes
ac_cv_header_sys_socket_h=yes
ac_cv_header_sys_stat_h=yes
ac_cv_header_sys_time_h=yes
ac_cv_header_sys_timeb_h=yes
ac_cv_header_sys_types_h=yes
ac_cv_header_sys_un_h=yes
ac_cv_header_sys_wait_h=yes
ac_cv_header_syslog_h=yes
ac_cv_header_time=yes
ac_cv_header_uio_h=no
ac_cv_header_unistd_h=yes
ac_cv_header_wchar_h=yes
ac_cv_host=x86_64-pc-linux-gnu
ac_cv_lib_dl_dlopen=yes
ac_cv_lib_gd_gdImageCreateTrueColor=yes
ac_cv_lib_gd_gdImagePng_1=no
ac_cv_lib_gd_gdImagePng_2=yes
ac_cv_lib_iconv_main=no
ac_cv_member_struct_tm_tm_zone=yes
ac_cv_objext=o
ac_cv_path_EGREP='/usr/bin/grep -E'
ac_cv_path_GREP=/usr/bin/grep
ac_cv_path_MAIL_PROG=/usr/bin/mail
ac_cv_path_PATH_TO_TRACEROUTE=/usr/bin/traceroute
ac_cv_path_PERL=/usr/bin/perl
ac_cv_path_STRIP=/usr/bin/strip
ac_cv_path_UNZIP=/usr/bin/unzip
ac_cv_path_install='/usr/bin/install -c'
ac_cv_prog_CPP='gcc -E'
ac_cv_prog_ac_ct_CC=gcc
ac_cv_prog_cc_c89=
ac_cv_prog_cc_g=yes
ac_cv_prog_make_make_set=yes
ac_cv_search_connect='none required'
ac_cv_search_getservbyname='none required'
ac_cv_search_nanosleep='none required'
ac_cv_struct_tm=time.h
ac_cv_type_getgroups=gid_t
ac_cv_type_mode_t=yes
ac_cv_type_pid_t=yes
ac_cv_type_signal=void
ac_cv_type_size_t=yes
ac_cv_type_uid_t=yes

## ----------------- ##
## Output variables. ##
## ----------------- ##

BASEEXTRALIBS=''
BIN_KILL='/usr/bin/kill'
BIN_RM='/usr/bin/rm'
BROKERLIBS=' -ldl'
BROKER_H='../include/broker.h ../include/nebmods.h ../include/nebmodules.h ../include/nebcallbacks.h ../include/neberrors.h'
BROKER_LDFLAGS=' -Wl,-export-dynamic'
BROKER_O='broker.o nebmods.o'
CC='gcc'
CFLAGS='-g -O2'
CGIEXTRAS=' statuswrl.cgi statusmap.cgi trends.cgi histogram.cgi'
CHECKRESULTDIR='/usr/local/nagios/var/spool/checkresults'
COMMAND_OPTS='-o nagios -g nagios'
COREWINDOW='no'
CPP='gcc -E'
CPPFLAGS=''
DEFS='-DHAVE_CONFIG_H'
ECHO_C=''
ECHO_N='-n'
ECHO_T=''
EGREP='/usr/bin/grep -E'
EXEEXT=''
GDLIBS='-lgd  -lpng -ljpeg -lz -lm'
GREP='/usr/bin/grep'
HTTPD_CONF='/etc/httpd/conf.d'
INIT_OPTS='-o root -g root'
INSTALL='/usr/bin/install -c'
INSTALL_DATA='${INSTALL} -m 644'
INSTALL_OPTS='-o nagios -g nagios'
INSTALL_PROGRAM='${INSTALL}'
INSTALL_SCRIPT='${INSTALL}'
LDFLAGS=''
LIBOBJS=''
LIBS=''
LN_HTTPD_SITES_ENABLED='0'
LN_S='ln -s'
LTLIBOBJS=''
MAIL_PROG='/usr/bin/mail'
MOD_CFLAGS='-fPIC'
MOD_LDFLAGS='-shared'
NERD_O=''
OBJEXT='o'
PACKAGE_BUGREPORT=''
PACKAGE_NAME=''
PACKAGE_STRING=''
PACKAGE_TARNAME=''
PACKAGE_URL=''
PACKAGE_VERSION=''
PACKDIR='/home/tjyang/github/nagioscore/pkg'
PATH_SEPARATOR=':'
PATH_TO_TRACEROUTE='/usr/bin/traceroute'
PERL='/usr/bin/perl'
SET_MAKE=''
SHELL='/bin/sh'
SNPRINTF_O=''
SOCKETLIBS=''
STRIP='/usr/bin/strip'
TMPDIR='/tmp'
UNZIP='/usr/bin/unzip'
USE_EVENTBROKER='yes'
USE_LIBTAP='no'
VERSION='4.4.5'
WORKER_CFLAGS='-I ../../include -I ../..'
WORKER_LDFLAGS='-L ../../lib -l nagios'
ac_ct_CC='gcc'
arch='x86_64'
bindir='/usr/local/nagios/bin'
brokersdir='/usr/local/nagios/bin'
bsd_enable=''
build='x86_64-pc-linux-gnu'
build_alias=''
build_cpu='x86_64'
build_os='linux-gnu'
build_vendor='pc'
cgibindir='/usr/local/nagios/sbin'
cgiurl='/nagios/cgi-bin'
command_grp='nagios'
command_user='nagios'
datadir='/usr/local/nagios/share'
datarootdir='/usr/local/nagios/share'
dist_type='fedora'
dist_ver='30'
docdir='${datarootdir}/doc/${PACKAGE}'
dvidir='${docdir}'
exec_prefix='/usr/local/nagios'
host='x86_64-pc-linux-gnu'
host_alias=''
host_cpu='x86_64'
host_os='linux-gnu'
host_vendor='pc'
htmldir='${docdir}'
htmurl='/nagios'
includedir='/usr/local/nagios/include/nagios'
inetd_type='systemd'
inetddir='/usr/lib/systemd/system'
inetdname='nagios.socket'
infodir='${datarootdir}/info'
init_type='systemd'
initdir='/lib/systemd/system'
initdiroverridden='no'
initname='nagios.service'
libdir='${exec_prefix}/lib'
libexecdir='/usr/local/nagios/libexec'
localedir='/usr/local/nagios/share/locale'
localstatedir='/usr/local/nagios/var'
logdir='${prefix}/var'
mandir='${datarootdir}/man'
nagios_grp='nagios'
nagios_name='nagios'
nagios_user='nagios'
nagiostats_name='nagiostats'
objsysconfdir='${prefix}/etc/objects'
oldincludedir='/usr/include'
opsys='linux'
pdfdir='${docdir}'
piddir='/usr/local/nagios/var'
pipedir='${prefix}/var/rw'
pkglocalstatedir='/usr/local/nagios/var'
pkgsysconfdir='/usr/local/nagios/etc'
pluginsdir='N/A'
prefix='/usr/local/nagios'
privatesysconfdir='${prefix}/etc'
program_transform_name='s,x,x,'
psdir='${docdir}'
root_grp='root'
sbindir='/usr/local/nagios/sbin'
sharedstatedir='${prefix}/com'
spooldir='${prefix}/var/var'
src_inetd='default-socket'
src_init='default-service'
src_tmpfile='tmpfile.conf'
subdirs=''
subsyslockdir='/run'
subsyslockfile='/run/nagios.lock'
sysconfdir='/usr/local/nagios/etc'
target_alias=''
tmpfilesd='/usr/lib/tmpfiles.d/nagios.conf'
webdir='/usr/local/nagios/share'

## ----------- ##
## confdefs.h. ##
## ----------- ##

/* confdefs.h */
#define PACKAGE_NAME ""
#define PACKAGE_TARNAME ""
#define PACKAGE_VERSION ""
#define PACKAGE_STRING ""
#define PACKAGE_BUGREPORT ""
#define PACKAGE_URL ""
#define STDC_HEADERS 1
#define TIME_WITH_SYS_TIME 1
#define HAVE_SYS_WAIT_H 1
#define HAVE_SYS_TYPES_H 1
#define HAVE_SYS_STAT_H 1
#define HAVE_STDLIB_H 1
#define HAVE_STRING_H 1
#define HAVE_MEMORY_H 1
#define HAVE_STRINGS_H 1
#define HAVE_INTTYPES_H 1
#define HAVE_STDINT_H 1
#define HAVE_UNISTD_H 1
#define HAVE_ARPA_INET_H 1
#define HAVE_CTYPE_H 1
#define HAVE_DIRENT_H 1
#define HAVE_ERRNO_H 1
#define HAVE_FCNTL_H 1
#define HAVE_GETOPT_H 1
#define HAVE_GRP_H 1
#define HAVE_LIBGEN_H 1
#define HAVE_LIMITS_H 1
#define HAVE_MATH_H 1
#define HAVE_NETDB_H 1
#define HAVE_NETINET_IN_H 1
#define HAVE_PWD_H 1
#define HAVE_REGEX_H 1
#define HAVE_SIGNAL_H 1
#define HAVE_STDARG_H 1
#define HAVE_STRING_H 1
#define HAVE_STRINGS_H 1
#define HAVE_SYS_MMAN_H 1
#define HAVE_SYS_TYPES_H 1
#define HAVE_SYS_TIME_H 1
#define HAVE_SYS_RESOURCE_H 1
#define HAVE_SYS_WAIT_H 1
#define HAVE_SYS_SOCKET_H 1
#define HAVE_SYS_STAT_H 1
#define HAVE_SYS_TIMEB_H 1
#define HAVE_SYS_UN_H 1
#define HAVE_SYS_IPC_H 1
#define HAVE_SYS_MSG_H 1
#define HAVE_SYS_POLL_H 1
#define HAVE_SYSLOG_H 1
#define HAVE_UNISTD_H 1
#define HAVE_LOCALE_H 1
#define HAVE_WCHAR_H 1
#define HAVE_SYS_PRCTL_H 1
#define HAVE_STRUCT_TM_TM_ZONE 1
#define HAVE_TM_ZONE 1
#define RETSIGTYPE void
#define GETGROUPS_T gid_t
#define HAVE_VA_COPY 1
#define HAVE_SIGACTION 1
#define HAVE_C99_VSNPRINTF 1
#define HAVE_INITGROUPS 1
#define HAVE_SETENV 1
#define HAVE_STRDUP 1
#define HAVE_STRSTR 1
#define HAVE_STRTOUL 1
#define HAVE_UNSETENV 1
#define SOCKET_SIZE_TYPE size_t
#define DEFAULT_NAGIOS_USER "nagios"
#define DEFAULT_NAGIOS_GROUP "nagios"
#define DETECT_RLIMIT_PROBLEM 1
#define IOBROKER_USES_EPOLL 1
#define USE_STATUSWRL /**/
#define USE_STATUSMAP /**/
#define HAVE_GDIMAGECREATETRUECOLOR 1
#define USE_TRENDS /**/
#define USE_HISTOGRAM /**/
#define USE_NANOSLEEP /**/
#define HAVE_DLFCN_H /**/
#define USE_EVENT_BROKER /**/
#define TRACEROUTE_COMMAND "/usr/bin/traceroute"

configure: exit 0
